TN:
SF:src/modules/permissions/mutations/CreateOnePermission.ts
FN:12,resolve
FNF:1
FNH:0
FNDA:0,resolve
DA:1,1
DA:2,1
DA:3,1
DA:4,1
DA:5,1
DA:6,1
DA:7,1
DA:8,1
DA:9,1
DA:10,1
DA:11,1
DA:12,1
DA:13,0
DA:14,0
DA:15,0
DA:16,0
DA:17,0
DA:18,1
DA:19,1
LF:19
LH:14
BRF:0
BRH:0
end_of_record
TN:
SF:src/modules/permissions/mutations/DeleteOnePermission.ts
FN:12,resolve
FNF:1
FNH:0
FNDA:0,resolve
DA:1,1
DA:2,1
DA:3,1
DA:4,1
DA:5,1
DA:6,1
DA:7,1
DA:8,1
DA:9,1
DA:10,1
DA:11,1
DA:12,1
DA:13,0
DA:14,0
DA:15,0
DA:16,0
DA:17,0
DA:18,1
DA:19,1
LF:19
LH:14
BRF:0
BRH:0
end_of_record
TN:
SF:src/modules/permissions/mutations/UpdateOnePermission.ts
FN:17,resolve
FNF:1
FNH:0
FNDA:0,resolve
DA:1,1
DA:2,1
DA:3,1
DA:4,1
DA:5,1
DA:6,1
DA:7,1
DA:8,1
DA:9,1
DA:10,1
DA:11,1
DA:12,1
DA:13,1
DA:14,1
DA:15,1
DA:16,1
DA:17,1
DA:18,0
DA:19,0
DA:20,0
DA:21,0
DA:22,0
DA:23,0
DA:24,0
DA:25,0
DA:26,1
DA:27,1
LF:27
LH:19
BRF:0
BRH:0
end_of_record
TN:
SF:src/modules/permissions/mutations/index.ts
FNF:0
FNH:0
DA:1,1
DA:2,1
DA:3,1
DA:4,1
DA:5,1
DA:6,1
DA:7,1
DA:8,1
DA:9,1
LF:9
LH:9
BRF:0
BRH:0
end_of_record
TN:
SF:src/modules/permissions/queries/FindAllPermissions.ts
FN:6,resolve
FNF:1
FNH:0
FNDA:0,resolve
DA:1,1
DA:2,1
DA:3,1
DA:4,2
DA:5,2
DA:6,2
DA:7,0
DA:8,2
DA:9,2
DA:10,2
LF:10
LH:9
BRDA:3,0,0,2
BRF:1
BRH:1
end_of_record
TN:
SF:src/modules/permissions/queries/FindOnePermission.ts
FN:12,resolve
FNF:1
FNH:0
FNDA:0,resolve
DA:1,1
DA:2,1
DA:3,1
DA:4,1
DA:5,1
DA:6,1
DA:7,1
DA:8,1
DA:9,1
DA:10,1
DA:11,1
DA:12,1
DA:13,0
DA:14,0
DA:15,0
DA:16,0
DA:17,0
DA:18,1
DA:19,1
LF:19
LH:14
BRF:0
BRH:0
end_of_record
TN:
SF:src/modules/permissions/queries/index.ts
FNF:0
FNH:0
DA:1,1
DA:2,1
DA:3,1
DA:4,1
DA:5,1
DA:6,1
DA:7,1
LF:7
LH:7
BRF:0
BRH:0
end_of_record
TN:
SF:src/modules/roles/mutations/CreateOneRole.ts
FN:12,resolve
FNF:1
FNH:0
FNDA:0,resolve
DA:1,1
DA:2,1
DA:3,1
DA:4,1
DA:5,1
DA:6,1
DA:7,1
DA:8,1
DA:9,1
DA:10,1
DA:11,1
DA:12,1
DA:13,0
DA:14,0
DA:15,0
DA:16,0
DA:17,0
DA:18,1
DA:19,1
LF:19
LH:14
BRF:0
BRH:0
end_of_record
TN:
SF:src/modules/roles/mutations/DeleteOneRole.ts
FN:12,resolve
FNF:1
FNH:0
FNDA:0,resolve
DA:1,1
DA:2,1
DA:3,1
DA:4,1
DA:5,1
DA:6,1
DA:7,1
DA:8,1
DA:9,1
DA:10,1
DA:11,1
DA:12,1
DA:13,0
DA:14,0
DA:15,0
DA:16,0
DA:17,0
DA:18,1
DA:19,1
LF:19
LH:14
BRF:0
BRH:0
end_of_record
TN:
SF:src/modules/roles/mutations/UpdateOneRole.ts
FN:17,resolve
FNF:1
FNH:0
FNDA:0,resolve
DA:1,1
DA:2,1
DA:3,1
DA:4,1
DA:5,1
DA:6,1
DA:7,1
DA:8,1
DA:9,1
DA:10,1
DA:11,1
DA:12,1
DA:13,1
DA:14,1
DA:15,1
DA:16,1
DA:17,1
DA:18,0
DA:19,0
DA:20,0
DA:21,0
DA:22,0
DA:23,0
DA:24,0
DA:25,0
DA:26,1
DA:27,1
LF:27
LH:19
BRF:0
BRH:0
end_of_record
TN:
SF:src/modules/roles/mutations/index.ts
FNF:0
FNH:0
DA:1,1
DA:2,1
DA:3,1
DA:4,1
DA:5,1
DA:6,1
DA:7,1
DA:8,1
DA:9,1
LF:9
LH:9
BRF:0
BRH:0
end_of_record
TN:
SF:src/modules/roles/queries/FindAllRoles.ts
FN:6,resolve
FNF:1
FNH:1
FNDA:1,resolve
DA:1,1
DA:2,1
DA:3,1
DA:4,2
DA:5,2
DA:6,2
DA:7,1
DA:8,2
DA:9,2
DA:10,2
LF:10
LH:10
BRDA:3,0,0,2
BRDA:6,1,0,1
BRF:2
BRH:2
end_of_record
TN:
SF:src/modules/roles/queries/FindOneRole.ts
FN:12,resolve
FNF:1
FNH:0
FNDA:0,resolve
DA:1,1
DA:2,1
DA:3,1
DA:4,1
DA:5,1
DA:6,1
DA:7,1
DA:8,1
DA:9,1
DA:10,1
DA:11,1
DA:12,1
DA:13,0
DA:14,0
DA:15,0
DA:16,0
DA:17,0
DA:18,1
DA:19,1
LF:19
LH:14
BRF:0
BRH:0
end_of_record
TN:
SF:src/modules/roles/queries/index.ts
FNF:0
FNH:0
DA:1,1
DA:2,1
DA:3,1
DA:4,1
DA:5,1
DA:6,1
DA:7,1
LF:7
LH:7
BRF:0
BRH:0
end_of_record
